\BOOKMARK [1][-]{section.1}{\376\377\000T\036\325\000n\000g\000\040\000q\000u\000a\000n\000\040\000d\036\361\000\040\000\341\000n}{}% 1
\BOOKMARK [2][-]{subsection.1.1}{\376\377\000G\000i\036\333\000i\000\040\000t\000h\000i\036\307\000u\000\040\000Y\000A\000S}{section.1}% 2
\BOOKMARK [2][-]{subsection.1.2}{\376\377\000M\036\345\000c\000\040\000t\000i\000\352\000u\000\040\001\021\036\323\000\040\000\341\000n}{section.1}% 3
\BOOKMARK [2][-]{subsection.1.3}{\376\377\000C\000\364\000n\000g\000\040\000n\000g\000h\036\307\000\040\000s\036\355\000\040\000d\036\345\000n\000g}{section.1}% 4
\BOOKMARK [2][-]{subsection.1.4}{\376\377\000T\000h\000\364\000n\000g\000\040\000t\000i\000n\000\040\000r\000e\000p\000o\000s\000i\000t\000o\000r\000y}{section.1}% 5
\BOOKMARK [1][-]{section.2}{\376\377\000K\000i\036\277\000n\000\040\000t\000r\000\372\000c\000\040\000h\036\307\000\040\000t\000h\036\321\000n\000g\000\040\000C\000I}{}% 6
\BOOKMARK [2][-]{subsection.2.1}{\376\377\000T\036\325\000n\000g\000\040\000q\000u\000a\000n\000\040\000k\000i\036\277\000n\000\040\000t\000r\000\372\000c}{section.2}% 7
\BOOKMARK [2][-]{subsection.2.2}{\376\377\000S\001\241\000\040\001\021\036\323\000\040\000l\000u\036\323\000n\000g\000\040\000C\000I}{section.2}% 8
\BOOKMARK [2][-]{subsection.2.3}{\376\377\000H\036\241\000\040\000t\036\247\000n\000g\000\040\000v\000\340\000\040\000K\000i\036\277\000n\000\040\000t\000r\000\372\000c\000\040\000B\000u\000i\000l\000d\000\040\000p\000h\000\342\000n\000\040\000t\000\341\000n\000\040\000\050\000M\000a\000s\000t\000e\000r\000-\000A\000g\000e\000n\000t\000\051}{section.2}% 9
\BOOKMARK [1][-]{section.3}{\376\377\000C\036\245\000u\000\040\000h\000\354\000n\000h\000\040\000G\000i\000t\000H\000u\000b}{}% 10
\BOOKMARK [2][-]{subsection.3.1}{\376\377\000F\000o\000r\000k\000\040\000R\000e\000p\000o\000s\000i\000t\000o\000r\000y}{section.3}% 11
\BOOKMARK [2][-]{subsection.3.2}{\376\377\000B\000r\000a\000n\000c\000h\000\040\000P\000r\000o\000t\000e\000c\000t\000i\000o\000n\000\040\000R\000u\000l\000e\000s\000\040\000\050\000G\000i\000t\000H\000u\000b\000\040\000R\000u\000l\000e\000s\000e\000t\000s\000\051}{section.3}% 12
\BOOKMARK [2][-]{subsection.3.3}{\376\377\000W\000e\000b\000h\000o\000o\000k\000\040\000G\000i\000t\000H\000u\000b\000\040\041\222\000\040\000J\000e\000n\000k\000i\000n\000s}{section.3}% 13
\BOOKMARK [2][-]{subsection.3.4}{\376\377\000Q\000u\000y\000\040\000t\000r\000\354\000n\000h\000\040\000l\000\340\000m\000\040\000v\000i\036\307\000c\000\040\000v\036\333\000i\000\040\000G\000i\000t}{section.3}% 14
\BOOKMARK [1][-]{section.4}{\376\377\000C\036\245\000u\000\040\000h\000\354\000n\000h\000\040\000m\000\341\000y\000\040\000c\000h\036\347\000\040\000v\000\340\000\040\000M\000\364\000i\000\040\000t\000r\001\260\036\335\000n\000g\000\040\000h\036\307\000\040\000t\000h\036\321\000n\000g}{}% 15
\BOOKMARK [2][-]{subsection.4.1}{\376\377\0001\000.\000\040\000K\000h\036\337\000i\000\040\000t\036\241\000o\000\040\000m\000\341\000y\000\040\000c\000h\036\347\000\040\000t\000r\000\352\000n\000\040\000A\000W\000S\000\040\000\050\000E\000C\0002\000\051}{section.4}% 16
\BOOKMARK [2][-]{subsection.4.2}{\376\377\0002\000.\000\040\000C\000\340\000i\000\040\001\021\036\267\000t\000\040\000v\000\340\000\040\000Q\000u\036\243\000n\000\040\000t\000r\036\313\000\040\000m\000\364\000i\000\040\000t\000r\001\260\036\335\000n\000g\000\040\000D\000o\000c\000k\000e\000r}{section.4}% 17
\BOOKMARK [2][-]{subsection.4.3}{\376\377\0003\000.\000\040\000C\036\245\000u\000\040\000h\000\354\000n\000h\000\040\000t\000\355\000c\000h\000\040\000h\036\343\000p\000\040\000h\036\307\000\040\000t\000h\036\321\000n\000g\000\040\000\050\000S\000y\000s\000t\000e\000m\000\040\000I\000n\000t\000e\000g\000r\000a\000t\000i\000o\000n\000\051}{section.4}% 18
\BOOKMARK [1][-]{section.5}{\376\377\000C\036\245\000u\000\040\000h\000\354\000n\000h\000\040\000J\000e\000n\000k\000i\000n\000s}{}% 19
\BOOKMARK [2][-]{subsection.5.1}{\376\377\000C\000\340\000i\000\040\001\021\036\267\000t\000\040\000J\000e\000n\000k\000i\000n\000s\000\040\000t\000r\000\352\000n\000\040\000A\000W\000S\000\040\000E\000C\0002}{section.5}% 20
\BOOKMARK [2][-]{subsection.5.2}{\376\377\000C\036\245\000u\000\040\000h\000\354\000n\000h\000\040\000T\000o\000o\000l\000s}{section.5}% 21
\BOOKMARK [2][-]{subsection.5.3}{\376\377\000C\036\245\000u\000\040\000h\000\354\000n\000h\000\040\000C\000r\000e\000d\000e\000n\000t\000i\000a\000l\000s}{section.5}% 22
\BOOKMARK [2][-]{subsection.5.4}{\376\377\000C\036\245\000u\000\040\000h\000\354\000n\000h\000\040\000D\000i\000s\000t\000r\000i\000b\000u\000t\000e\000d\000\040\000B\000u\000i\000l\000d\000\040\000N\000o\000d\000e\000s\000\040\000\050\000A\000g\000e\000n\000t\000s\000\051}{section.5}% 23
\BOOKMARK [3][-]{subsubsection.5.4.1}{\376\377\000T\000h\000i\036\277\000t\000\040\000l\036\255\000p\000\040\000J\000e\000n\000k\000i\000n\000s\000\040\000A\000g\000e\000n\000t\000\040\000\050\000N\000o\000d\000e\000\051\000\040\000v\000\340\000\040\000C\000\341\000c\000h\000\040\000k\036\277\000t\000\040\000n\036\321\000i}{subsection.5.4}% 24
\BOOKMARK [3][-]{subsubsection.5.4.2}{\376\377\000C\000\340\000i\000\040\001\021\036\267\000t\000\040\000m\000\364\000i\000\040\000t\000r\001\260\036\335\000n\000g\000\040\000t\000h\036\361\000c\000\040\000t\000h\000i\000\040\000\050\000T\000o\000o\000l\000i\000n\000g\000\051\000\040\000t\000r\000\352\000n\000\040\000A\000g\000e\000n\000t}{subsection.5.4}% 25
\BOOKMARK [3][-]{subsubsection.5.4.3}{\376\377\000C\036\245\000u\000\040\000h\000\354\000n\000h\000\040\000S\000n\000y\000k\000\040\000A\000u\000t\000h\000\040\000t\000r\000\352\000n\000\040\000T\000e\000r\000m\000i\000n\000a\000l\000\040\000c\036\347\000a\000\040\000A\000g\000e\000n\000t}{subsection.5.4}% 26
\BOOKMARK [2][-]{subsection.5.5}{\376\377\000C\036\245\000u\000\040\000h\000\354\000n\000h\000\040\000h\000i\036\303\000n\000\040\000t\000h\036\313\000\040\000B\000i\036\303\000u\000\040\001\021\036\323\000\040\000v\000\340\000\040\000T\000h\036\321\000n\000g\000\040\000k\000\352\000\040\000\050\000P\000l\000u\000g\000i\000n\000s\000\051}{section.5}% 27
\BOOKMARK [2][-]{subsection.5.6}{\376\377\000T\036\241\000o\000\040\000M\000u\000l\000t\000i\000b\000r\000a\000n\000c\000h\000\040\000P\000i\000p\000e\000l\000i\000n\000e\000\040\000J\000o\000b}{section.5}% 28
\BOOKMARK [2][-]{subsection.5.7}{\376\377\000K\036\277\000t\000\040\000q\000u\036\243\000:\000\040\000J\000e\000n\000k\000i\000n\000s\000\040\000t\000r\000a\000c\000k\000i\000n\000g\000\040\000b\000r\000a\000n\000c\000h\000e\000s\000\040\000v\000\340\000\040\000P\000R\000s}{section.5}% 29
\BOOKMARK [1][-]{section.6}{\376\377\000C\000h\000i\000\040\000t\000i\036\277\000t\000\040\000P\000i\000p\000e\000l\000i\000n\000e\000\040\000\050\000J\000e\000n\000k\000i\000n\000s\000f\000i\000l\000e\000\051}{}% 30
\BOOKMARK [2][-]{subsection.6.1}{\376\377\000C\036\245\000u\000\040\000h\000\354\000n\000h\000\040\000c\000h\000u\000n\000g}{section.6}% 31
\BOOKMARK [2][-]{subsection.6.2}{\376\377\000S\000t\000a\000g\000e\000\040\0001\000:\000\040\000C\000h\000e\000c\000k\000o\000u\000t}{section.6}% 32
\BOOKMARK [2][-]{subsection.6.3}{\376\377\000S\000t\000a\000g\000e\000\040\0002\000:\000\040\000D\000e\000t\000e\000c\000t\000\040\000C\000h\000a\000n\000g\000e\000d\000\040\000M\000o\000d\000u\000l\000e\000s}{section.6}% 33
\BOOKMARK [2][-]{subsection.6.4}{\376\377\000S\000t\000a\000g\000e\000\040\0003\000:\000\040\000G\000i\000t\000l\000e\000a\000k\000s\000\040\040\023\000\040\000S\000e\000c\000r\000e\000t\000\040\000S\000c\000a\000n}{section.6}% 34
\BOOKMARK [2][-]{subsection.6.5}{\376\377\000S\000t\000a\000g\000e\000\040\0004\000:\000\040\000T\000e\000s\000t\000\040\000\050\000J\000U\000n\000i\000t\000\040\000+\000\040\000J\000a\000C\000o\000C\000o\000\051}{section.6}% 35
\BOOKMARK [2][-]{subsection.6.6}{\376\377\000S\000t\000a\000g\000e\000\040\0005\000:\000\040\000C\000o\000v\000e\000r\000a\000g\000e\000\040\000G\000a\000t\000e}{section.6}% 36
\BOOKMARK [2][-]{subsection.6.7}{\376\377\000S\000t\000a\000g\000e\000\040\0006\000:\000\040\000B\000u\000i\000l\000d}{section.6}% 37
\BOOKMARK [2][-]{subsection.6.8}{\376\377\000S\000t\000a\000g\000e\000\040\0007\000:\000\040\000S\000o\000n\000a\000r\000Q\000u\000b\000e\000\040\000A\000n\000a\000l\000y\000s\000i\000s}{section.6}% 38
\BOOKMARK [2][-]{subsection.6.9}{\376\377\000S\000t\000a\000g\000e\000\040\0008\000:\000\040\000S\000n\000y\000k\000\040\000D\000e\000p\000e\000n\000d\000e\000n\000c\000y\000\040\000S\000c\000a\000n}{section.6}% 39
\BOOKMARK [2][-]{subsection.6.10}{\376\377\000P\000o\000s\000t\000\040\000A\000c\000t\000i\000o\000n\000s}{section.6}% 40
\BOOKMARK [1][-]{section.7}{\376\377\000M\000o\000n\000o\000r\000e\000p\000o\000\040\000P\000a\000t\000h\000\040\000F\000i\000l\000t\000e\000r}{}% 41
\BOOKMARK [2][-]{subsection.7.1}{\376\377\000V\036\245\000n\000\040\001\021\036\301}{section.7}% 42
\BOOKMARK [2][-]{subsection.7.2}{\376\377\000G\000i\036\243\000i\000\040\000p\000h\000\341\000p\000:\000\040\000d\000e\000t\000e\000c\000t\000-\000c\000h\000a\000n\000g\000e\000d\000-\000m\000o\000d\000u\000l\000e\000s\000.\000s\000h}{section.7}% 43
\BOOKMARK [2][-]{subsection.7.3}{\376\377\000C\000h\000i\036\277\000n\000\040\000l\001\260\036\343\000c\000\040\000p\000h\000\341\000t\000\040\000h\000i\036\307\000n\000\040\000t\000h\000a\000y\000\040\001\021\036\325\000i}{section.7}% 44
\BOOKMARK [2][-]{subsection.7.4}{\376\377\000K\036\277\000t\000\040\000q\000u\036\243}{section.7}% 45
\BOOKMARK [1][-]{section.8}{\376\377\000U\000n\000i\000t\000\040\000T\000e\000s\000t\000\040\000v\000\340\000\040\000C\000o\000v\000e\000r\000a\000g\000e\000\040\000G\000a\000t\000e}{}% 46
\BOOKMARK [2][-]{subsection.8.1}{\376\377\000C\000h\000i\036\277\000n\000\040\000l\001\260\036\343\000c\000\040\000U\000n\000i\000t\000\040\000T\000e\000s\000t}{section.8}% 47
\BOOKMARK [2][-]{subsection.8.2}{\376\377\000C\000h\000i\000\040\000t\000i\036\277\000t\000\040\000T\000e\000s\000t\000\040\000C\000a\000s\000e\000s}{section.8}% 48
\BOOKMARK [3][-]{subsubsection.8.2.1}{\376\377\000M\000o\000d\000u\000l\000e\000\040\000m\000e\000d\000i\000a\000\040\000\050\000P\000R\000\040\000\043\0007\000\051}{subsection.8.2}% 49
\BOOKMARK [3][-]{subsubsection.8.2.2}{\376\377\000M\000o\000d\000u\000l\000e\000\040\000t\000a\000x\000\040\000\050\000P\000R\000\040\000\043\0006\000\051}{subsection.8.2}% 50
\BOOKMARK [2][-]{subsection.8.3}{\376\377\000C\000o\000v\000e\000r\000a\000g\000e\000\040\000G\000a\000t\000e\000\040\000S\000c\000r\000i\000p\000t\000\040\000\050\000c\000h\000e\000c\000k\000-\000c\000o\000v\000e\000r\000a\000g\000e\000.\000s\000h\000\051}{section.8}% 51
\BOOKMARK [2][-]{subsection.8.4}{\376\377\000T\000h\000i\036\277\000t\000\040\000k\036\277\000\040\000C\000o\000v\000e\000r\000a\000g\000e\000\040\000G\000a\000t\000e}{section.8}% 52
\BOOKMARK [1][-]{section.9}{\376\377\000G\000i\000t\000l\000e\000a\000k\000s\000\040\040\023\000\040\000S\000e\000c\000r\000e\000t\000\040\000S\000c\000a\000n\000n\000i\000n\000g}{}% 53
\BOOKMARK [2][-]{subsection.9.1}{\376\377\000V\036\245\000n\000\040\001\021\036\301}{section.9}% 54
\BOOKMARK [2][-]{subsection.9.2}{\376\377\000C\000\364\000n\000g\000\040\000c\036\345\000:\000\040\000G\000i\000t\000l\000e\000a\000k\000s\000\040\000v\0008\000.\0001\0008\000.\0004}{section.9}% 55
\BOOKMARK [2][-]{subsection.9.3}{\376\377\000C\036\245\000u\000\040\000h\000\354\000n\000h}{section.9}% 56
\BOOKMARK [3][-]{subsubsection.9.3.1}{\376\377\000g\000i\000t\000l\000e\000a\000k\000s\000.\000t\000o\000m\000l}{subsection.9.3}% 57
\BOOKMARK [3][-]{subsubsection.9.3.2}{\376\377\000.\000g\000i\000t\000l\000e\000a\000k\000s\000i\000g\000n\000o\000r\000e}{subsection.9.3}% 58
\BOOKMARK [3][-]{subsubsection.9.3.3}{\376\377\000g\000i\000t\000l\000e\000a\000k\000s\000-\000b\000a\000s\000e\000l\000i\000n\000e\000.\000j\000s\000o\000n}{subsection.9.3}% 59
\BOOKMARK [2][-]{subsection.9.4}{\376\377\000L\000u\036\323\000n\000g\000\040\000q\000u\000\351\000t\000\040\000t\000r\000o\000n\000g\000\040\000P\000i\000p\000e\000l\000i\000n\000e}{section.9}% 60
\BOOKMARK [2][-]{subsection.9.5}{\376\377\000K\036\277\000t\000\040\000q\000u\036\243}{section.9}% 61
\BOOKMARK [1][-]{section.10}{\376\377\000S\000o\000n\000a\000r\000Q\000u\000b\000e\000\040\040\023\000\040\000C\000o\000d\000e\000\040\000Q\000u\000a\000l\000i\000t\000y\000\040\000A\000n\000a\000l\000y\000s\000i\000s}{}% 62
\BOOKMARK [2][-]{subsection.10.1}{\376\377\000G\000i\036\333\000i\000\040\000t\000h\000i\036\307\000u}{section.10}% 63
\BOOKMARK [2][-]{subsection.10.2}{\376\377\000C\036\245\000u\000\040\000h\000\354\000n\000h\000\040\000S\000e\000r\000v\000e\000r}{section.10}% 64
\BOOKMARK [2][-]{subsection.10.3}{\376\377\000T\000\355\000c\000h\000\040\000h\036\343\000p\000\040\000t\000r\000o\000n\000g\000\040\000P\000i\000p\000e\000l\000i\000n\000e}{section.10}% 65
\BOOKMARK [2][-]{subsection.10.4}{\376\377\000T\000h\000i\036\277\000t\000\040\000k\036\277}{section.10}% 66
\BOOKMARK [2][-]{subsection.10.5}{\376\377\000K\036\277\000t\000\040\000q\000u\036\243}{section.10}% 67
\BOOKMARK [1][-]{section.11}{\376\377\000S\000n\000y\000k\000\040\040\023\000\040\000D\000e\000p\000e\000n\000d\000e\000n\000c\000y\000\040\000V\000u\000l\000n\000e\000r\000a\000b\000i\000l\000i\000t\000y\000\040\000S\000c\000a\000n}{}% 68
\BOOKMARK [2][-]{subsection.11.1}{\376\377\000G\000i\036\333\000i\000\040\000t\000h\000i\036\307\000u}{section.11}% 69
\BOOKMARK [2][-]{subsection.11.2}{\376\377\000C\036\245\000u\000\040\000h\000\354\000n\000h}{section.11}% 70
\BOOKMARK [2][-]{subsection.11.3}{\376\377\000T\000\355\000c\000h\000\040\000h\036\343\000p\000\040\000t\000r\000o\000n\000g\000\040\000P\000i\000p\000e\000l\000i\000n\000e}{section.11}% 71
\BOOKMARK [3][-]{subsubsection.11.3.1}{\376\377\000S\000n\000y\000k\000\040\000T\000e\000s\000t}{subsection.11.3}% 72
\BOOKMARK [3][-]{subsubsection.11.3.2}{\376\377\000S\000n\000y\000k\000\040\000M\000o\000n\000i\000t\000o\000r}{subsection.11.3}% 73
\BOOKMARK [2][-]{subsection.11.4}{\376\377\000X\036\355\000\040\000l\000\375\000\040\000l\036\327\000i}{section.11}% 74
\BOOKMARK [2][-]{subsection.11.5}{\376\377\000K\000n\000o\000w\000n\000\040\000I\000s\000s\000u\000e\000:\000\040\000E\000x\000i\000t\000\040\000C\000o\000d\000e\000\040\000-\0001\0003}{section.11}% 75
\BOOKMARK [1][-]{section.12}{\376\377\000K\036\277\000t\000\040\000q\000u\036\243\000\040\000t\000h\036\361\000c\000\040\000t\000h\000i\000\040\000P\000i\000p\000e\000l\000i\000n\000e}{}% 76
\BOOKMARK [2][-]{subsection.12.1}{\376\377\000D\000a\000n\000h\000\040\000s\000\341\000c\000h\000\040\000P\000u\000l\000l\000\040\000R\000e\000q\000u\000e\000s\000t\000s}{section.12}% 77
\BOOKMARK [2][-]{subsection.12.2}{\376\377\000K\036\277\000t\000\040\000q\000u\036\243\000\040\000P\000i\000p\000e\000l\000i\000n\000e\000\040\000c\000h\000o\000\040\000P\000R\000\040\000\043\0007\000\040\000\050\000m\000e\000d\000i\000a\000\051}{section.12}% 78
\BOOKMARK [2][-]{subsection.12.3}{\376\377\000K\036\277\000t\000\040\000q\000u\036\243\000\040\000P\000i\000p\000e\000l\000i\000n\000e\000\040\000c\000h\000o\000\040\000P\000R\000\040\000\043\0006\000\040\000\050\000t\000a\000x\000\051}{section.12}% 79
\BOOKMARK [2][-]{subsection.12.4}{\376\377\000M\000i\000n\000h\000\040\000c\000h\036\351\000n\000g\000\040\000B\000r\000a\000n\000c\000h\000\040\000P\000r\000o\000t\000e\000c\000t\000i\000o\000n\000\040\000h\000o\036\241\000t\000\040\001\021\036\331\000n\000g}{section.12}% 80
\BOOKMARK [1][-]{section.13}{\376\377\000P\000h\000\342\000n\000\040\000c\000\364\000n\000g\000\040\000c\000\364\000n\000g\000\040\000v\000i\036\307\000c}{}% 81
\BOOKMARK [2][-]{subsection.13.1}{\376\377\000T\000h\000\340\000n\000h\000\040\000v\000i\000\352\000n\000\040\000n\000h\000\363\000m}{section.13}% 82
\BOOKMARK [2][-]{subsection.13.2}{\376\377\000C\000h\000i\000\040\000t\000i\036\277\000t\000\040\000p\000h\000\342\000n\000\040\000c\000\364\000n\000g}{section.13}% 83
\BOOKMARK [3][-]{subsubsection.13.2.1}{\376\377\000N\000g\000u\000y\036\305\000n\000\040\000L\000\352\000\040\000T\000h\036\277\000\040\000V\000i\000n\000h\000\040\000\050\000L\000e\000a\000d\000e\000r\000\051}{subsection.13.2}% 84
\BOOKMARK [3][-]{subsubsection.13.2.2}{\376\377\000P\000h\036\241\000m\000\040\000Q\000u\000a\000n\000g\000\040\000V\000i\000n\000h\000\040\000\050\000I\000n\000f\000r\000a\000\040\000\046\000\040\000S\000e\000c\000u\000r\000i\000t\000y\000\051}{subsection.13.2}% 85
\BOOKMARK [3][-]{subsubsection.13.2.3}{\376\377\000L\000\352\000\040\000X\000u\000\342\000n\000\040\000T\000r\000\355\000\040\000\050\000T\000e\000s\000t\000i\000n\000g\000\051}{subsection.13.2}% 86
\BOOKMARK [2][-]{subsection.13.3}{\376\377\000T\036\325\000n\000g\000\040\000k\036\277\000t\000\040\001\021\000\363\000n\000g\000\040\000g\000\363\000p}{section.13}% 87
\BOOKMARK [1][-]{section.14}{\376\377\000K\036\277\000t\000\040\000l\000u\036\255\000n}{}% 88
\BOOKMARK [2][-]{subsection.14.1}{\376\377\000T\036\325\000n\000g\000\040\000k\036\277\000t}{section.14}% 89
\BOOKMARK [2][-]{subsection.14.2}{\376\377\001\020\000i\036\303\000m\000\040\000n\036\325\000i\000\040\000b\036\255\000t}{section.14}% 90
\BOOKMARK [2][-]{subsection.14.3}{\376\377\000K\000h\000\363\000\040\000k\000h\001\003\000n\000\040\000g\036\267\000p\000\040\000p\000h\036\243\000i}{section.14}% 91
\BOOKMARK [2][-]{subsection.14.4}{\376\377\000H\001\260\036\333\000n\000g\000\040\000p\000h\000\341\000t\000\040\000t\000r\000i\036\303\000n}{section.14}% 92
\BOOKMARK [1][-]{section*.2}{\376\377\000T\000\340\000i\000\040\000l\000i\036\307\000u\000\040\000t\000h\000a\000m\000\040\000k\000h\036\243\000o}{}% 93
